# JRE version: OpenJDK Runtime Environment (21.0.7) (build 21.0.7+-13880790-b1038.58)
# Java VM: OpenJDK 64-Bit Server VM (21.0.7+-13880790-b1038.58, mixed mode, tiered, compressed oops, compressed class ptrs, g1 gc, windows-amd64)
GC Precious Log:
 CardTable entry size: 512
 Card Set container configuration: InlinePtr #cards 4 size 8 Array Of Cards #cards 32 size 80 Howl #buckets 8 coarsen threshold 7372 Howl Bitmap #cards 1024 size 144 coarsen threshold 921 Card regions per heap region 1 cards per card region 8192
 CPUs: 24 total, 24 available
 Memory: 16103M
 Large Page Support: Disabled
 NUMA Support: Disabled
 Compressed Oops: Enabled (Zero based)
 Heap Region Size: 4M
 Heap Min Capacity: 8M
 Heap Initial Capacity: 252M
 Heap Max Capacity: 8G
 Pre-touch: Disabled
 Parallel Workers: 18
 Concurrent Workers: 5
 Concurrent Refinement Workers: 18
 Periodic GC: Disabled
Heap:
 garbage-first heap   total 405504K, used 293184K [0x0000000600000000, 0x0000000800000000)
  region size 4096K, 17 young (69632K), 3 survivors (12288K)
 Metaspace       used 177317K, committed 179904K, reserved 1245184K
  class space    used 22739K, committed 24000K, reserved 1048576K
GC Heap History (20 events):
Event: 21.239 GC heap before
{Heap before GC invocations=44 (full 0):
 garbage-first heap   total 253952K, used 205121K [0x0000000600000000, 0x0000000800000000)
  region size 4096K, 15 young (61440K), 2 survivors (8192K)
 Metaspace       used 149704K, committed 152128K, reserved 1245184K
  class space    used 19722K, committed 20864K, reserved 1048576K
}
Event: 21.255 GC heap after
{Heap after GC invocations=45 (full 0):
 garbage-first heap   total 253952K, used 160756K [0x0000000600000000, 0x0000000800000000)
  region size 4096K, 2 young (8192K), 2 survivors (8192K)
 Metaspace       used 149704K, committed 152128K, reserved 1245184K
  class space    used 19722K, committed 20864K, reserved 1048576K
}
Event: 21.669 GC heap before
{Heap before GC invocations=45 (full 0):
 garbage-first heap   total 253952K, used 209908K [0x0000000600000000, 0x0000000800000000)
  region size 4096K, 15 young (61440K), 2 survivors (8192K)
 Metaspace       used 149781K, committed 152128K, reserved 1245184K
  class space    used 19722K, committed 20864K, reserved 1048576K
}
Event: 21.677 GC heap after
{Heap after GC invocations=46 (full 0):
 garbage-first heap   total 368640K, used 166666K [0x0000000600000000, 0x0000000800000000)
  region size 4096K, 2 young (8192K), 2 survivors (8192K)
 Metaspace       used 149781K, committed 152128K, reserved 1245184K
  class space    used 19722K, committed 20864K, reserved 1048576K
}
Event: 22.581 GC heap before
{Heap before GC invocations=46 (full 0):
 garbage-first heap   total 368640K, used 293642K [0x0000000600000000, 0x0000000800000000)
  region size 4096K, 33 young (135168K), 2 survivors (8192K)
 Metaspace       used 150080K, committed 152512K, reserved 1245184K
  class space    used 19737K, committed 20928K, reserved 1048576K
}
Event: 22.590 GC heap after
{Heap after GC invocations=47 (full 0):
 garbage-first heap   total 368640K, used 172554K [0x0000000600000000, 0x0000000800000000)
  region size 4096K, 4 young (16384K), 4 survivors (16384K)
 Metaspace       used 150080K, committed 152512K, reserved 1245184K
  class space    used 19737K, committed 20928K, reserved 1048576K
}
Event: 23.702 GC heap before
{Heap before GC invocations=47 (full 0):
 garbage-first heap   total 368640K, used 320010K [0x0000000600000000, 0x0000000800000000)
  region size 4096K, 38 young (155648K), 4 survivors (16384K)
 Metaspace       used 153377K, committed 155776K, reserved 1245184K
  class space    used 20114K, committed 21312K, reserved 1048576K
}
Event: 23.722 GC heap after
{Heap after GC invocations=48 (full 0):
 garbage-first heap   total 385024K, used 210690K [0x0000000600000000, 0x0000000800000000)
  region size 4096K, 5 young (20480K), 5 survivors (20480K)
 Metaspace       used 153377K, committed 155776K, reserved 1245184K
  class space    used 20114K, committed 21312K, reserved 1048576K
}
Event: 24.781 GC heap before
{Heap before GC invocations=49 (full 0):
 garbage-first heap   total 385024K, used 333570K [0x0000000600000000, 0x0000000800000000)
  region size 4096K, 33 young (135168K), 5 survivors (20480K)
 Metaspace       used 154415K, committed 156864K, reserved 1245184K
  class space    used 20152K, committed 21312K, reserved 1048576K
}
Event: 24.792 GC heap after
{Heap after GC invocations=50 (full 0):
 garbage-first heap   total 385024K, used 230880K [0x0000000600000000, 0x0000000800000000)
  region size 4096K, 4 young (16384K), 4 survivors (16384K)
 Metaspace       used 154415K, committed 156864K, reserved 1245184K
  class space    used 20152K, committed 21312K, reserved 1048576K
}
Event: 26.103 GC heap before
{Heap before GC invocations=50 (full 0):
 garbage-first heap   total 385024K, used 333280K [0x0000000600000000, 0x0000000800000000)
  region size 4096K, 29 young (118784K), 4 survivors (16384K)
 Metaspace       used 156635K, committed 159104K, reserved 1245184K
  class space    used 20308K, committed 21504K, reserved 1048576K
}
Event: 26.113 GC heap after
{Heap after GC invocations=51 (full 0):
 garbage-first heap   total 385024K, used 220275K [0x0000000600000000, 0x0000000800000000)
  region size 4096K, 2 young (8192K), 2 survivors (8192K)
 Metaspace       used 156635K, committed 159104K, reserved 1245184K
  class space    used 20308K, committed 21504K, reserved 1048576K
}
Event: 27.610 GC heap before
{Heap before GC invocations=51 (full 0):
 garbage-first heap   total 385024K, used 330867K [0x0000000600000000, 0x0000000800000000)
  region size 4096K, 30 young (122880K), 2 survivors (8192K)
 Metaspace       used 166059K, committed 168512K, reserved 1245184K
  class space    used 21427K, committed 22656K, reserved 1048576K
}
Event: 27.616 GC heap after
{Heap after GC invocations=52 (full 0):
 garbage-first heap   total 385024K, used 229150K [0x0000000600000000, 0x0000000800000000)
  region size 4096K, 4 young (16384K), 4 survivors (16384K)
 Metaspace       used 166059K, committed 168512K, reserved 1245184K
  class space    used 21427K, committed 22656K, reserved 1048576K
}
Event: 29.140 GC heap before
{Heap before GC invocations=52 (full 0):
 garbage-first heap   total 385024K, used 339742K [0x0000000600000000, 0x0000000800000000)
  region size 4096K, 31 young (126976K), 4 survivors (16384K)
 Metaspace       used 173519K, committed 176128K, reserved 1245184K
  class space    used 22445K, committed 23744K, reserved 1048576K
}
Event: 29.147 GC heap after
{Heap after GC invocations=53 (full 0):
 garbage-first heap   total 385024K, used 236425K [0x0000000600000000, 0x0000000800000000)
  region size 4096K, 2 young (8192K), 2 survivors (8192K)
 Metaspace       used 173519K, committed 176128K, reserved 1245184K
  class space    used 22445K, committed 23744K, reserved 1048576K
}
Event: 30.565 GC heap before
{Heap before GC invocations=53 (full 0):
 garbage-first heap   total 385024K, used 342921K [0x0000000600000000, 0x0000000800000000)
  region size 4096K, 28 young (114688K), 2 survivors (8192K)
 Metaspace       used 176392K, committed 178944K, reserved 1245184K
  class space    used 22667K, committed 23936K, reserved 1048576K
}
Event: 30.570 GC heap after
{Heap after GC invocations=54 (full 0):
 garbage-first heap   total 385024K, used 236188K [0x0000000600000000, 0x0000000800000000)
  region size 4096K, 2 young (8192K), 2 survivors (8192K)
 Metaspace       used 176392K, committed 178944K, reserved 1245184K
  class space    used 22667K, committed 23936K, reserved 1048576K
}
Event: 31.812 GC heap before
{Heap before GC invocations=55 (full 0):
 garbage-first heap   total 405504K, used 346780K [0x0000000600000000, 0x0000000800000000)
  region size 4096K, 29 young (118784K), 2 survivors (8192K)
 Metaspace       used 177283K, committed 179840K, reserved 1245184K
  class space    used 22739K, committed 24000K, reserved 1048576K
}
Event: 31.817 GC heap after
{Heap after GC invocations=56 (full 0):
 garbage-first heap   total 405504K, used 239936K [0x0000000600000000, 0x0000000800000000)
  region size 4096K, 3 young (12288K), 3 survivors (12288K)
 Metaspace       used 177283K, committed 179840K, reserved 1245184K
  class space    used 22739K, committed 24000K, reserved 1048576K
}

